[debug] [2025-01-02T20:10:01.476Z] ----------------------------------------------------------------------
[debug] [2025-01-02T20:10:01.479Z] Command:       C:\Program Files\nodejs\node.exe C:\Program Files\nodejs\node_modules\firebase-tools\lib\bin\firebase.js init
[debug] [2025-01-02T20:10:01.479Z] CLI Version:   13.29.1
[debug] [2025-01-02T20:10:01.479Z] Platform:      win32
[debug] [2025-01-02T20:10:01.479Z] Node Version:  v18.20.4
[debug] [2025-01-02T20:10:01.480Z] Time:          Fri Jan 03 2025 03:10:01 GMT+0700 (Western Indonesia Time)
[debug] [2025-01-02T20:10:01.481Z] ----------------------------------------------------------------------
[debug] 
[debug] [2025-01-02T20:10:01.488Z] > command requires scopes: ["email","openid","https://www.googleapis.com/auth/cloudplatformprojects.readonly","https://www.googleapis.com/auth/firebase","https://www.googleapis.com/auth/cloud-platform"]
[debug] [2025-01-02T20:10:01.489Z] > authorizing via signed-in user (gccapplication.official@gmail.com)
[info] 
     ######## #### ########  ######## ########     ###     ######  ########
     ##        ##  ##     ## ##       ##     ##  ##   ##  ##       ##
     ######    ##  ########  ######   ########  #########  ######  ######
     ##        ##  ##    ##  ##       ##     ## ##     ##       ## ##
     ##       #### ##     ## ######## ########  ##     ##  ######  ########

You're about to initialize a Firebase project in this directory:

  D:\APK-GCC\GCC-Application-BE

[info] 
=== Project Setup
[info] 
[info] First, let's associate this project directory with a Firebase project.
[info] You can create multiple project aliases by running firebase use --add, 
[info] but for now we'll just set up a default project.
[info] 
[debug] [2025-01-02T20:10:34.885Z] Checked if tokens are valid: true, expires at: 1735851996569
[debug] [2025-01-02T20:10:34.885Z] Checked if tokens are valid: true, expires at: 1735851996569
[debug] [2025-01-02T20:10:34.887Z] >>> [apiv2][query] GET https://firebase.googleapis.com/v1beta1/projects pageSize=100
[debug] [2025-01-02T20:10:35.788Z] <<< [apiv2][status] GET https://firebase.googleapis.com/v1beta1/projects 200
[debug] [2025-01-02T20:10:35.788Z] <<< [apiv2][body] GET https://firebase.googleapis.com/v1beta1/projects [omitted]
[info] i  Using project gcc-application (GCC Application) 
[info] 
=== Hosting Setup
[debug] [2025-01-02T20:10:36.907Z] Checked if tokens are valid: true, expires at: 1735851996569
[debug] [2025-01-02T20:10:36.907Z] Checked if tokens are valid: true, expires at: 1735851996569
[debug] [2025-01-02T20:10:36.907Z] >>> [apiv2][query] GET https://firebase.googleapis.com/v1beta1/projects/gcc-application [none]
[debug] [2025-01-02T20:10:37.266Z] <<< [apiv2][status] GET https://firebase.googleapis.com/v1beta1/projects/gcc-application 200
[debug] [2025-01-02T20:10:37.266Z] <<< [apiv2][body] GET https://firebase.googleapis.com/v1beta1/projects/gcc-application {"projectId":"gcc-application","projectNumber":"164048550926","displayName":"GCC Application","name":"projects/gcc-application","resources":{"hostingSite":"gcc-application","storageBucket":"gcc-application.appspot.com","locationId":"asia-southeast2"},"state":"ACTIVE","etag":"1_27c6896a-14a4-47e3-ac9d-5a6a8da577e6"}
[info] 
[info] Your public directory is the folder (relative to your project directory) that
[info] will contain Hosting assets to be uploaded with firebase deploy. If you
[info] have a build process for your assets, use your build's output directory.
[info] 
[debug] [2025-01-02T20:10:44.140Z] >>> [apiv2][query] GET https://www.gstatic.com/firebasejs/releases.json [none]
[debug] [2025-01-02T20:10:44.249Z] <<< [apiv2][status] GET https://www.gstatic.com/firebasejs/releases.json 200
[debug] [2025-01-02T20:10:44.249Z] <<< [apiv2][body] GET https://www.gstatic.com/firebasejs/releases.json {"current":{"version":"11.1.0","browserURL":"https://www.gstatic.com/firebasejs/11.1.0/firebase.js","packageURL":"https://www.gstatic.com/firebasejs/11.1.0/firebase.tgz"},"live":{"version":"11.1","browserURL":"https://www.gstatic.com/firebasejs/live/11.1/firebase.js","packageURL":"https://www.gstatic.com/firebasejs/live/11.1/firebase.tgz"},"components":{"analytics":"https://www.gstatic.com/firebasejs/11.1.0/firebase-analytics.js","app":"https://www.gstatic.com/firebasejs/11.1.0/firebase-app.js","app-check":"https://www.gstatic.com/firebasejs/11.1.0/firebase-app-check.js","auth":"https://www.gstatic.com/firebasejs/11.1.0/firebase-auth.js","auth/cordova":"https://www.gstatic.com/firebasejs/11.1.0/firebase-auth/cordova.js","auth/web-extension":"https://www.gstatic.com/firebasejs/11.1.0/firebase-auth/web-extension.js","functions":"https://www.gstatic.com/firebasejs/11.1.0/firebase-functions.js","firestore":"https://www.gstatic.com/firebasejs/11.1.0/firebase-firestore.js","firestore/lite":"https://www.gstatic.com/firebasejs/11.1.0/firebase-firestore/lite.js","installations":"https://www.gstatic.com/firebasejs/11.1.0/firebase-installations.js","storage":"https://www.gstatic.com/firebasejs/11.1.0/firebase-storage.js","performance":"https://www.gstatic.com/firebasejs/11.1.0/firebase-performance.js","remote-config":"https://www.gstatic.com/firebasejs/11.1.0/firebase-remote-config.js","messaging":"https://www.gstatic.com/firebasejs/11.1.0/firebase-messaging.js","messaging/sw":"https://www.gstatic.com/firebasejs/11.1.0/firebase-messaging/sw.js","database":"https://www.gstatic.com/firebasejs/11.1.0/firebase-database.js","vertexai":"https://www.gstatic.com/firebasejs/11.1.0/firebase-vertexai.js","data-connect":"https://www.gstatic.com/firebasejs/11.1.0/firebase-data-connect.js","firestore.memory":"https://www.gstatic.com/firebasejs/11.1.0/firebase-firestore.memory.js"}}
[info] +  Wrote public/index.html 
[info] 
[info] i  Didn't detect a .git folder. Assuming D:\APK-GCC\GCC-Application-BE is the project root. 
[info] i  Authorizing with GitHub to upload your service account to a GitHub repository's secrets store. 
[info] 
[info] Visit this URL on this device to log in:
[info] https://github.com/login/oauth/authorize?client_id=89cf50f02ac6aaed3484&state=963550564&redirect_uri=http%3A%2F%2Flocalhost%3A9005&scope=read%3Auser%20repo%20public_repo
[info] 
[info] Waiting for authentication...
[debug] [2025-01-02T20:11:43.009Z] >>> [apiv2][query] POST https://github.com/login/oauth/access_token [none]
[debug] [2025-01-02T20:11:43.009Z] >>> [apiv2][body] POST https://github.com/login/oauth/access_token [stream]
[debug] [2025-01-02T20:11:43.439Z] <<< [apiv2][status] POST https://github.com/login/oauth/access_token 200
[debug] [2025-01-02T20:11:43.439Z] <<< [apiv2][body] POST https://github.com/login/oauth/access_token {"access_token":"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","token_type":"bearer","scope":"read:user,repo"}
[debug] [2025-01-02T20:11:43.443Z] >>> [apiv2][query] GET https://api.github.com/user [none]
[debug] [2025-01-02T20:11:43.866Z] <<< [apiv2][status] GET https://api.github.com/user 200
[debug] [2025-01-02T20:11:43.866Z] <<< [apiv2][body] GET https://api.github.com/user {"login":"herros27","id":173409678,"node_id":"U_kgDOClYFjg","avatar_url":"https://avatars.githubusercontent.com/u/173409678?v=4","gravatar_id":"","url":"https://api.github.com/users/herros27","html_url":"https://github.com/herros27","followers_url":"https://api.github.com/users/herros27/followers","following_url":"https://api.github.com/users/herros27/following{/other_user}","gists_url":"https://api.github.com/users/herros27/gists{/gist_id}","starred_url":"https://api.github.com/users/herros27/starred{/owner}{/repo}","subscriptions_url":"https://api.github.com/users/herros27/subscriptions","organizations_url":"https://api.github.com/users/herros27/orgs","repos_url":"https://api.github.com/users/herros27/repos","events_url":"https://api.github.com/users/herros27/events{/privacy}","received_events_url":"https://api.github.com/users/herros27/received_events","type":"User","user_view_type":"private","site_admin":false,"name":"Kemas Khairunsyah","company":null,"blog":"","location":null,"email":null,"hireable":null,"bio":null,"twitter_username":null,"notification_email":null,"public_repos":10,"public_gists":0,"followers":9,"following":18,"created_at":"2024-06-20T21:11:01Z","updated_at":"2024-11-22T03:35:00Z","private_gists":0,"total_private_repos":3,"owned_private_repos":3,"disk_usage":142414,"collaborators":1,"two_factor_authentication":true,"plan":{"name":"free","space":976562499,"collaborators":0,"private_repos":10000}}
[info] 
[info] +  Success! Logged into GitHub as herros27 
[info] 
[debug] [2025-01-02T20:12:34.842Z] >>> [apiv2][query] GET https://api.github.com/repos//actions/secrets/public-key type=owner
[debug] [2025-01-02T20:12:35.224Z] <<< [apiv2][status] GET https://api.github.com/repos//actions/secrets/public-key 404
[debug] [2025-01-02T20:12:35.224Z] <<< [apiv2][body] GET https://api.github.com/repos//actions/secrets/public-key {"message":"Not Found","documentation_url":"https://docs.github.com/rest","status":"404"}
[info] 
[info] 
[error] !  The provided authorization cannot be used with this repository. If this repository is in an organization, did you remember to grant access? 
[info] 
[info] i  Action required: Visit this URL to ensure access has been granted to the appropriate organization(s) for the Firebase CLI GitHub OAuth App: 
[info] https://github.com/settings/connections/applications/89cf50f02ac6aaed3484
[info] 
[debug] [2025-01-02T20:13:43.362Z] >>> [apiv2][query] GET https://api.github.com/repos/herros27/CleanScape-Back-End/actions/secrets/public-key type=owner
[debug] [2025-01-02T20:13:43.739Z] <<< [apiv2][status] GET https://api.github.com/repos/herros27/CleanScape-Back-End/actions/secrets/public-key 404
[debug] [2025-01-02T20:13:43.739Z] <<< [apiv2][body] GET https://api.github.com/repos/herros27/CleanScape-Back-End/actions/secrets/public-key {"message":"Not Found","documentation_url":"https://docs.github.com/rest/actions/secrets#get-a-repository-public-key","status":"404"}
[info] 
[info] 
[error] !  The provided authorization cannot be used with this repository. If this repository is in an organization, did you remember to grant access? 
[info] 
[info] i  Action required: Visit this URL to ensure access has been granted to the appropriate organization(s) for the Firebase CLI GitHub OAuth App: 
[info] https://github.com/settings/connections/applications/89cf50f02ac6aaed3484
[info] 
